<?xml version="1.0" encoding="UTF-8"?>
<!-- Generated by org.testng.reporters.JUnitReportReporter -->
<testsuite hostname="DESKTOP-C4B6GHI" failures="0" tests="2" name="com.ui.tests.LoginTest" time="10.830" errors="0" timestamp="2025-02-09T11:59:26 IST" skipped="1">
  <testcase classname="com.ui.tests.LoginTest" name="verifyAddCustomer" time="10.830"/>
  <testcase classname="com.ui.tests.LoginTest" name="loginTest">
    <skipped/>
  </testcase> <!-- loginTest -->
</testsuite> <!-- com.ui.tests.LoginTest -->
