<?xml version="1.0" encoding="UTF-8"?>
<!-- Generated by org.testng.reporters.JUnitReportReporter -->
<testsuite hostname="DESKTOP-C4B6GHI" failures="0" tests="2" name="com.ui.tests.LoginTest" time="9.347" errors="0" timestamp="2025-02-08T13:44:44 IST" skipped="1">
  <testcase classname="com.ui.tests.LoginTest" name="loginTest" time="9.347"/>
  <testcase classname="com.ui.tests.LoginTest" name="verifyAddCustomer">
    <skipped/>
  </testcase> <!-- verifyAddCustomer -->
</testsuite> <!-- com.ui.tests.LoginTest -->
