<?xml version="1.0" encoding="UTF-8"?>
<!-- Generated by org.testng.reporters.JUnitReportReporter -->
<testsuite hostname="DESKTOP-C4B6GHI" failures="0" tests="3" name="com.ui.tests.LoginTest" time="20.248" errors="0" timestamp="2025-02-08T17:55:08 IST" skipped="1">
  <testcase classname="com.ui.tests.LoginTest" name="loginTest" time="10.129"/>
  <testcase classname="com.ui.tests.LoginTest" name="loginTest" time="10.119"/>
  <testcase classname="com.ui.tests.LoginTest" name="verifyAddCustomer">
    <skipped/>
  </testcase> <!-- verifyAddCustomer -->
</testsuite> <!-- com.ui.tests.LoginTest -->
